app/build/intermediates/manifest_merge_blame_file/debug/manifest-merger-blame-debug-report.txt
1<?xml version="1.0" encoding="utf-8"?>
2<manifest xmlns:android="http://schemas.android.com/apk/res/android"
3    package="kz.cifron.vetqyzmet_doctor"
4    android:versionCode="1"
5    android:versionName="1.0" >
6
7    <uses-sdk
8        android:minSdkVersion="21"
9        android:targetSdkVersion="33" />
10
11    <uses-feature
11-->src\main\AndroidManifest.xml:5:5-7:35
12        android:name="android.hardware.camera"
12-->src\main\AndroidManifest.xml:6:9-47
13        android:required="true" />
13-->src\main\AndroidManifest.xml:7:9-32
14
15    <uses-permission android:name="android.permission.INTERNET" />
15-->src\main\AndroidManifest.xml:9:5-67
15-->src\main\AndroidManifest.xml:9:22-64
16    <uses-permission android:name="android.permission.CAMERA" />
16-->src\main\AndroidManifest.xml:10:5-65
16-->src\main\AndroidManifest.xml:10:22-62
17    <uses-permission android:name="android.permission.WRITE_EXTERNAL_STORAGE" />
17-->src\main\AndroidManifest.xml:11:5-81
17-->src\main\AndroidManifest.xml:11:22-78
18
19    <queries>
19-->[androidx.camera:camera-extensions:1.2.2] AndroidManifest.xml:22:5-26:15
20        <intent>
20-->[androidx.camera:camera-extensions:1.2.2] AndroidManifest.xml:23:9-25:18
21            <action android:name="androidx.camera.extensions.action.VENDOR_ACTION" />
21-->[androidx.camera:camera-extensions:1.2.2] AndroidManifest.xml:24:13-86
21-->[androidx.camera:camera-extensions:1.2.2] AndroidManifest.xml:24:21-83
22        </intent>
23    </queries>
24
25    <permission
25-->[androidx.core:core:1.9.0] AndroidManifest.xml:22:5-24:47
26        android:name="kz.cifron.vetqyzmet_doctor.DYNAMIC_RECEIVER_NOT_EXPORTED_PERMISSION"
26-->[androidx.core:core:1.9.0] AndroidManifest.xml:23:9-81
27        android:protectionLevel="signature" />
27-->[androidx.core:core:1.9.0] AndroidManifest.xml:24:9-44
28
29    <uses-permission android:name="kz.cifron.vetqyzmet_doctor.DYNAMIC_RECEIVER_NOT_EXPORTED_PERMISSION" />
29-->[androidx.core:core:1.9.0] AndroidManifest.xml:26:5-97
29-->[androidx.core:core:1.9.0] AndroidManifest.xml:26:22-94
30
31    <application
31-->src\main\AndroidManifest.xml:13:5-76:19
32        android:allowBackup="true"
32-->src\main\AndroidManifest.xml:14:9-35
33        android:appComponentFactory="androidx.core.app.CoreComponentFactory"
33-->[androidx.core:core:1.9.0] AndroidManifest.xml:28:18-86
34        android:dataExtractionRules="@xml/data_extraction_rules"
34-->src\main\AndroidManifest.xml:15:9-65
35        android:debuggable="true"
36        android:extractNativeLibs="true"
37        android:fullBackupContent="@xml/backup_rules"
37-->src\main\AndroidManifest.xml:16:9-54
38        android:icon="@drawable/logo"
38-->src\main\AndroidManifest.xml:17:9-38
39        android:label="@string/app_name"
39-->src\main\AndroidManifest.xml:18:9-41
40        android:roundIcon="@mipmap/vet"
40-->src\main\AndroidManifest.xml:19:9-40
41        android:supportsRtl="true"
41-->src\main\AndroidManifest.xml:20:9-35
42        android:testOnly="true"
43        android:theme="@style/Theme.App.Starting" >
43-->src\main\AndroidManifest.xml:21:9-50
44        <activity
44-->src\main\AndroidManifest.xml:23:9-25:40
45            android:name="kz.cifron.vetqyzmet_doctor.registerAnimal.ownerPage.addAnimals.camera.CustomDatePickerDialog"
45-->src\main\AndroidManifest.xml:24:13-94
46            android:exported="false" />
46-->src\main\AndroidManifest.xml:25:13-37
47        <activity
47-->src\main\AndroidManifest.xml:26:9-29:56
48            android:name="kz.cifron.vetqyzmet_doctor.registerAnimal.ownerPage.addAnimals.camera.ResultActivity"
48-->src\main\AndroidManifest.xml:27:13-86
49            android:exported="false"
49-->src\main\AndroidManifest.xml:28:13-37
50            android:theme="@style/Base.Theme.Animal" />
50-->src\main\AndroidManifest.xml:29:13-53
51        <activity
51-->src\main\AndroidManifest.xml:30:9-33:56
52            android:name="kz.cifron.vetqyzmet_doctor.registerAnimal.ownerPage.addAnimals.camera.ImageActivity"
52-->src\main\AndroidManifest.xml:31:13-85
53            android:exported="false"
53-->src\main\AndroidManifest.xml:32:13-37
54            android:theme="@style/Base.Theme.Animal" />
54-->src\main\AndroidManifest.xml:33:13-53
55        <activity
55-->src\main\AndroidManifest.xml:34:9-37:56
56            android:name="kz.cifron.vetqyzmet_doctor.registerAnimal.ownerPage.addAnimals.camera.CameraActivity"
56-->src\main\AndroidManifest.xml:35:13-86
57            android:exported="false"
57-->src\main\AndroidManifest.xml:36:13-37
58            android:theme="@style/Base.Theme.Animal" />
58-->src\main\AndroidManifest.xml:37:13-53
59        <activity
59-->src\main\AndroidManifest.xml:38:9-41:56
60            android:name="kz.cifron.vetqyzmet_doctor.registerAnimal.ownerPage.addAnimals.AddAnimalsActivity"
60-->src\main\AndroidManifest.xml:39:13-83
61            android:exported="false"
61-->src\main\AndroidManifest.xml:40:13-37
62            android:theme="@style/Base.Theme.Animal" />
62-->src\main\AndroidManifest.xml:41:13-53
63        <activity
63-->src\main\AndroidManifest.xml:42:9-45:56
64            android:name="kz.cifron.vetqyzmet_doctor.registerAnimal.ownerPage.OwnerPageActivity"
64-->src\main\AndroidManifest.xml:43:13-71
65            android:exported="false"
65-->src\main\AndroidManifest.xml:44:13-37
66            android:theme="@style/Base.Theme.Animal" />
66-->src\main\AndroidManifest.xml:45:13-53
67        <activity
67-->src\main\AndroidManifest.xml:46:9-49:56
68            android:name="kz.cifron.vetqyzmet_doctor.main.vetQyzmetPages.CertificatesActivity"
68-->src\main\AndroidManifest.xml:47:13-69
69            android:exported="false"
69-->src\main\AndroidManifest.xml:48:13-37
70            android:theme="@style/Base.Theme.Animal" />
70-->src\main\AndroidManifest.xml:49:13-53
71        <activity
71-->src\main\AndroidManifest.xml:50:9-53:56
72            android:name="kz.cifron.vetqyzmet_doctor.main.vetQyzmetPages.MigrationActivity"
72-->src\main\AndroidManifest.xml:51:13-66
73            android:exported="false"
73-->src\main\AndroidManifest.xml:52:13-37
74            android:theme="@style/Base.Theme.Animal" />
74-->src\main\AndroidManifest.xml:53:13-53
75        <activity
75-->src\main\AndroidManifest.xml:54:9-57:56
76            android:name="kz.cifron.vetqyzmet_doctor.main.vetQyzmetPages.FormActivity"
76-->src\main\AndroidManifest.xml:55:13-61
77            android:exported="false"
77-->src\main\AndroidManifest.xml:56:13-37
78            android:theme="@style/Base.Theme.Animal" />
78-->src\main\AndroidManifest.xml:57:13-53
79        <activity
79-->src\main\AndroidManifest.xml:58:9-61:56
80            android:name="kz.cifron.vetqyzmet_doctor.main.vetQyzmetPages.AnimalRegActivity"
80-->src\main\AndroidManifest.xml:59:13-66
81            android:exported="false"
81-->src\main\AndroidManifest.xml:60:13-37
82            android:theme="@style/Base.Theme.Animal" />
82-->src\main\AndroidManifest.xml:61:13-53
83        <activity
83-->src\main\AndroidManifest.xml:62:9-65:58
84            android:name="kz.cifron.vetqyzmet_doctor.main.PageVetQyzmet"
84-->src\main\AndroidManifest.xml:63:13-47
85            android:exported="false"
85-->src\main\AndroidManifest.xml:64:13-37
86            android:theme="@style/Theme.VetQyzmetNum2" />
86-->src\main\AndroidManifest.xml:65:13-55
87        <activity
87-->src\main\AndroidManifest.xml:66:9-75:20
88            android:name="kz.cifron.vetqyzmet_doctor.loginData.LoginActivity"
88-->src\main\AndroidManifest.xml:67:13-52
89            android:exported="true"
89-->src\main\AndroidManifest.xml:68:13-36
90            android:theme="@style/Theme.App.Starting" >
90-->src\main\AndroidManifest.xml:69:13-54
91            <intent-filter>
91-->src\main\AndroidManifest.xml:70:13-74:29
92                <action android:name="android.intent.action.MAIN" />
92-->src\main\AndroidManifest.xml:71:17-69
92-->src\main\AndroidManifest.xml:71:25-66
93
94                <category android:name="android.intent.category.LAUNCHER" />
94-->src\main\AndroidManifest.xml:73:17-77
94-->src\main\AndroidManifest.xml:73:27-74
95            </intent-filter>
96        </activity>
97
98        <uses-library
98-->[androidx.camera:camera-extensions:1.2.2] AndroidManifest.xml:29:9-31:40
99            android:name="androidx.camera.extensions.impl"
99-->[androidx.camera:camera-extensions:1.2.2] AndroidManifest.xml:30:13-59
100            android:required="false" />
100-->[androidx.camera:camera-extensions:1.2.2] AndroidManifest.xml:31:13-37
101
102        <service
102-->[androidx.camera:camera-camera2:1.2.2] AndroidManifest.xml:24:9-33:19
103            android:name="androidx.camera.core.impl.MetadataHolderService"
103-->[androidx.camera:camera-camera2:1.2.2] AndroidManifest.xml:25:13-75
104            android:enabled="false"
104-->[androidx.camera:camera-camera2:1.2.2] AndroidManifest.xml:26:13-36
105            android:exported="false" >
105-->[androidx.camera:camera-camera2:1.2.2] AndroidManifest.xml:27:13-37
106            <meta-data
106-->[androidx.camera:camera-camera2:1.2.2] AndroidManifest.xml:30:13-32:89
107                android:name="androidx.camera.core.impl.MetadataHolderService.DEFAULT_CONFIG_PROVIDER"
107-->[androidx.camera:camera-camera2:1.2.2] AndroidManifest.xml:31:17-103
108                android:value="androidx.camera.camera2.Camera2Config$DefaultProvider" />
108-->[androidx.camera:camera-camera2:1.2.2] AndroidManifest.xml:32:17-86
109        </service>
110
111        <provider
111-->[androidx.emoji2:emoji2:1.2.0] AndroidManifest.xml:24:9-32:20
112            android:name="androidx.startup.InitializationProvider"
112-->[androidx.emoji2:emoji2:1.2.0] AndroidManifest.xml:25:13-67
113            android:authorities="kz.cifron.vetqyzmet_doctor.androidx-startup"
113-->[androidx.emoji2:emoji2:1.2.0] AndroidManifest.xml:26:13-68
114            android:exported="false" >
114-->[androidx.emoji2:emoji2:1.2.0] AndroidManifest.xml:27:13-37
115            <meta-data
115-->[androidx.emoji2:emoji2:1.2.0] AndroidManifest.xml:29:13-31:52
116                android:name="androidx.emoji2.text.EmojiCompatInitializer"
116-->[androidx.emoji2:emoji2:1.2.0] AndroidManifest.xml:30:17-75
117                android:value="androidx.startup" />
117-->[androidx.emoji2:emoji2:1.2.0] AndroidManifest.xml:31:17-49
118            <meta-data
118-->[androidx.lifecycle:lifecycle-process:2.6.1] AndroidManifest.xml:29:13-31:52
119                android:name="androidx.lifecycle.ProcessLifecycleInitializer"
119-->[androidx.lifecycle:lifecycle-process:2.6.1] AndroidManifest.xml:30:17-78
120                android:value="androidx.startup" />
120-->[androidx.lifecycle:lifecycle-process:2.6.1] AndroidManifest.xml:31:17-49
121            <meta-data
121-->[androidx.profileinstaller:profileinstaller:1.3.0] AndroidManifest.xml:29:13-31:52
122                android:name="androidx.profileinstaller.ProfileInstallerInitializer"
122-->[androidx.profileinstaller:profileinstaller:1.3.0] AndroidManifest.xml:30:17-85
123                android:value="androidx.startup" />
123-->[androidx.profileinstaller:profileinstaller:1.3.0] AndroidManifest.xml:31:17-49
124        </provider>
125
126        <uses-library
126-->[androidx.window:window:1.0.0] AndroidManifest.xml:25:9-27:40
127            android:name="androidx.window.extensions"
127-->[androidx.window:window:1.0.0] AndroidManifest.xml:26:13-54
128            android:required="false" />
128-->[androidx.window:window:1.0.0] AndroidManifest.xml:27:13-37
129        <uses-library
129-->[androidx.window:window:1.0.0] AndroidManifest.xml:28:9-30:40
130            android:name="androidx.window.sidecar"
130-->[androidx.window:window:1.0.0] AndroidManifest.xml:29:13-51
131            android:required="false" />
131-->[androidx.window:window:1.0.0] AndroidManifest.xml:30:13-37
132
133        <receiver
133-->[androidx.profileinstaller:profileinstaller:1.3.0] AndroidManifest.xml:34:9-52:20
134            android:name="androidx.profileinstaller.ProfileInstallReceiver"
134-->[androidx.profileinstaller:profileinstaller:1.3.0] AndroidManifest.xml:35:13-76
135            android:directBootAware="false"
135-->[androidx.profileinstaller:profileinstaller:1.3.0] AndroidManifest.xml:36:13-44
136            android:enabled="true"
136-->[androidx.profileinstaller:profileinstaller:1.3.0] AndroidManifest.xml:37:13-35
137            android:exported="true"
137-->[androidx.profileinstaller:profileinstaller:1.3.0] AndroidManifest.xml:38:13-36
138            android:permission="android.permission.DUMP" >
138-->[androidx.profileinstaller:profileinstaller:1.3.0] AndroidManifest.xml:39:13-57
139            <intent-filter>
139-->[androidx.profileinstaller:profileinstaller:1.3.0] AndroidManifest.xml:40:13-42:29
140                <action android:name="androidx.profileinstaller.action.INSTALL_PROFILE" />
140-->[androidx.profileinstaller:profileinstaller:1.3.0] AndroidManifest.xml:41:17-91
140-->[androidx.profileinstaller:profileinstaller:1.3.0] AndroidManifest.xml:41:25-88
141            </intent-filter>
142            <intent-filter>
142-->[androidx.profileinstaller:profileinstaller:1.3.0] AndroidManifest.xml:43:13-45:29
143                <action android:name="androidx.profileinstaller.action.SKIP_FILE" />
143-->[androidx.profileinstaller:profileinstaller:1.3.0] AndroidManifest.xml:44:17-85
143-->[androidx.profileinstaller:profileinstaller:1.3.0] AndroidManifest.xml:44:25-82
144            </intent-filter>
145            <intent-filter>
145-->[androidx.profileinstaller:profileinstaller:1.3.0] AndroidManifest.xml:46:13-48:29
146                <action android:name="androidx.profileinstaller.action.SAVE_PROFILE" />
146-->[androidx.profileinstaller:profileinstaller:1.3.0] AndroidManifest.xml:47:17-88
146-->[androidx.profileinstaller:profileinstaller:1.3.0] AndroidManifest.xml:47:25-85
147            </intent-filter>
148            <intent-filter>
148-->[androidx.profileinstaller:profileinstaller:1.3.0] AndroidManifest.xml:49:13-51:29
149                <action android:name="androidx.profileinstaller.action.BENCHMARK_OPERATION" />
149-->[androidx.profileinstaller:profileinstaller:1.3.0] AndroidManifest.xml:50:17-95
149-->[androidx.profileinstaller:profileinstaller:1.3.0] AndroidManifest.xml:50:25-92
150            </intent-filter>
151        </receiver>
152    </application>
153
154</manifest>